
Attaching package: ‘dplyr’

The following objects are masked from ‘package:stats’:

    filter, lag

The following objects are masked from ‘package:base’:

    intersect, setdiff, setequal, union

Loading required package: ggplot2
Loading required package: lattice
Loading required package: Matrix
Loaded glmnet 4.1-10

Attaching package: ‘xgboost’

The following object is masked from ‘package:dplyr’:

    slice

Loading required package: foreach
Loading required package: iterators
+ Fold01: intercept=TRUE 
- Fold01: intercept=TRUE 
+ Fold02: intercept=TRUE 
- Fold02: intercept=TRUE 
+ Fold03: intercept=TRUE 
- Fold03: intercept=TRUE 
+ Fold04: intercept=TRUE 
- Fold04: intercept=TRUE 
+ Fold05: intercept=TRUE 
- Fold05: intercept=TRUE 
+ Fold06: intercept=TRUE 
- Fold06: intercept=TRUE 
+ Fold07: intercept=TRUE 
- Fold07: intercept=TRUE 
+ Fold08: intercept=TRUE 
- Fold08: intercept=TRUE 
+ Fold09: intercept=TRUE 
- Fold09: intercept=TRUE 
+ Fold10: intercept=TRUE 
- Fold10: intercept=TRUE 
Aggregating results
Fitting final model on full training set
Warning messages:
1: In predict.lm(modelFit, newdata) :
  prediction from rank-deficient fit; attr(*, "non-estim") has doubtful cases
2: In predict.lm(modelFit, newdata) :
  prediction from rank-deficient fit; attr(*, "non-estim") has doubtful cases
3: In predict.lm(modelFit, newdata) :
  prediction from rank-deficient fit; attr(*, "non-estim") has doubtful cases
4: In predict.lm(modelFit, newdata) :
  prediction from rank-deficient fit; attr(*, "non-estim") has doubtful cases
5: In predict.lm(modelFit, newdata) :
  prediction from rank-deficient fit; attr(*, "non-estim") has doubtful cases
6: In predict.lm(modelFit, newdata) :
  prediction from rank-deficient fit; attr(*, "non-estim") has doubtful cases
7: In predict.lm(modelFit, newdata) :
  prediction from rank-deficient fit; attr(*, "non-estim") has doubtful cases
8: In predict.lm(modelFit, newdata) :
  prediction from rank-deficient fit; attr(*, "non-estim") has doubtful cases
9: In predict.lm(modelFit, newdata) :
  prediction from rank-deficient fit; attr(*, "non-estim") has doubtful cases
10: In predict.lm(modelFit, newdata) :
  prediction from rank-deficient fit; attr(*, "non-estim") has doubtful cases
Error in socketAccept(socket = socket, blocking = TRUE, open = "a+b",  : 
  all 128 connections are in use
Calls: makeCluster -> makePSOCKcluster -> socketAccept
Execution halted
